[debug] [2022-08-10T15:53:03.985Z] ----------------------------------------------------------------------
[debug] [2022-08-10T15:53:03.989Z] Command:       C:\Program Files\nodejs\node.exe C:\Users\spars\AppData\Roaming\npm\node_modules\firebase-tools\lib\bin\firebase.js init
[debug] [2022-08-10T15:53:03.990Z] CLI Version:   11.4.2
[debug] [2022-08-10T15:53:03.990Z] Platform:      win32
[debug] [2022-08-10T15:53:03.990Z] Node Version:  v18.7.0
[debug] [2022-08-10T15:53:04.007Z] Time:          Wed Aug 10 2022 21:23:03 GMT+0530 (India Standard Time)
[debug] [2022-08-10T15:53:04.007Z] ----------------------------------------------------------------------
[debug] 
[debug] [2022-08-10T15:53:04.014Z] >>> [apiv2][query] GET https://firebase-public.firebaseio.com/cli.json [none]
[debug] [2022-08-10T15:53:04.226Z] > command requires scopes: ["email","openid","https://www.googleapis.com/auth/cloudplatformprojects.readonly","https://www.googleapis.com/auth/firebase","https://www.googleapis.com/auth/cloud-platform"]
[debug] [2022-08-10T15:53:04.227Z] > authorizing via signed-in user (sparshcapslock@gmail.com)
[info] 
     ######## #### ########  ######## ########     ###     ######  ########
     ##        ##  ##     ## ##       ##     ##  ##   ##  ##       ##
     ######    ##  ########  ######   ########  #########  ######  ######
     ##        ##  ##    ##  ##       ##     ## ##     ##       ## ##
     ##       #### ##     ## ######## ########  ##     ##  ######  ########

You're about to initialize a Firebase project in this directory:

  C:\Users\spars\Downloads\Projects\MERN Project\jaintoolsindia

Before we get started, keep in mind:

  * You are initializing within an existing Firebase project directory

[debug] [2022-08-10T15:53:04.934Z] <<< [apiv2][status] GET https://firebase-public.firebaseio.com/cli.json 200
[debug] [2022-08-10T15:53:04.934Z] <<< [apiv2][body] GET https://firebase-public.firebaseio.com/cli.json {"cloudBuildErrorAfter":1594252800000,"cloudBuildWarnAfter":1590019200000,"defaultNode10After":1594252800000,"minVersion":"3.0.5","node8DeploysDisabledAfter":1613390400000,"node8RuntimeDisabledAfter":1615809600000,"node8WarnAfter":1600128000000}
[debug] [2022-08-10T15:53:34.162Z] Error: kill ENOSYS
    at process.kill (node:internal/process/per_thread:221:13)
    at process.listener (C:\Users\spars\AppData\Roaming\npm\node_modules\firebase-tools\node_modules\signal-exit\index.js:95:15)
    at process.emit (node:events:513:28)
[error] 
[error] Error: An unexpected error has occurred.
